0 info it worked if it ends with ok
1 verbose cli [ '/usr/local/Cellar/node/6.2.2/bin/node',
1 verbose cli   '/usr/local/bin/npm',
1 verbose cli   'install',
1 verbose cli   '--save',
1 verbose cli   'angular-resource@X.Y.Z' ]
2 info using npm@3.9.5
3 info using node@v6.2.2
4 silly loadCurrentTree Starting
5 silly install loadCurrentTree
6 silly install readLocalPackageData
7 silly fetchPackageMetaData angular-resource@X.Y.Z
8 silly fetchNamedPackageData angular-resource
9 silly mapToRegistry name angular-resource
10 silly mapToRegistry using default registry
11 silly mapToRegistry registry https://registry.npmjs.org/
12 silly mapToRegistry data Result {
12 silly mapToRegistry   raw: 'angular-resource',
12 silly mapToRegistry   scope: null,
12 silly mapToRegistry   name: 'angular-resource',
12 silly mapToRegistry   rawSpec: '',
12 silly mapToRegistry   spec: 'latest',
12 silly mapToRegistry   type: 'tag' }
13 silly mapToRegistry uri https://registry.npmjs.org/angular-resource
14 verbose get https://registry.npmjs.org/angular-resource not expired, no request
15 silly fetchNamedPackageData No valid target from cache, forcing network
16 verbose request uri https://registry.npmjs.org/angular-resource
17 verbose request no auth needed
18 info attempt registry request try #1 at 12:32:39 PM
19 verbose request id 0fd2af5350eac963
20 http request GET https://registry.npmjs.org/angular-resource
21 http 200 https://registry.npmjs.org/angular-resource
22 verbose headers { server: 'nginx/1.10.1',
22 verbose headers   'content-type': 'application/json',
22 verbose headers   'last-modified': 'Tue, 07 Feb 2017 14:01:01 GMT',
22 verbose headers   etag: 'W/"5899d31d-18f2b"',
22 verbose headers   'content-encoding': 'gzip',
22 verbose headers   'cache-control': 'max-age=300',
22 verbose headers   'content-length': '10530',
22 verbose headers   'accept-ranges': 'bytes',
22 verbose headers   date: 'Wed, 08 Feb 2017 03:32:39 GMT',
22 verbose headers   via: '1.1 varnish',
22 verbose headers   age: '5',
22 verbose headers   connection: 'keep-alive',
22 verbose headers   'x-served-by': 'cache-nrt6128-NRT',
22 verbose headers   'x-cache': 'HIT',
22 verbose headers   'x-cache-hits': '1',
22 verbose headers   'x-timer': 'S1486524759.504644,VS0,VE0',
22 verbose headers   vary: 'Accept-Encoding' }
23 silly get cb [ 200,
23 silly get   { server: 'nginx/1.10.1',
23 silly get     'content-type': 'application/json',
23 silly get     'last-modified': 'Tue, 07 Feb 2017 14:01:01 GMT',
23 silly get     etag: 'W/"5899d31d-18f2b"',
23 silly get     'content-encoding': 'gzip',
23 silly get     'cache-control': 'max-age=300',
23 silly get     'content-length': '10530',
23 silly get     'accept-ranges': 'bytes',
23 silly get     date: 'Wed, 08 Feb 2017 03:32:39 GMT',
23 silly get     via: '1.1 varnish',
23 silly get     age: '5',
23 silly get     connection: 'keep-alive',
23 silly get     'x-served-by': 'cache-nrt6128-NRT',
23 silly get     'x-cache': 'HIT',
23 silly get     'x-cache-hits': '1',
23 silly get     'x-timer': 'S1486524759.504644,VS0,VE0',
23 silly get     vary: 'Accept-Encoding' } ]
24 verbose get saving angular-resource to /Users/kimkunwoo/.npm/registry.npmjs.org/angular-resource/.cache.json
25 verbose correctMkdir /Users/kimkunwoo/.npm correctMkdir not in flight; initializing
26 silly fetchPackageMetaData Error: No compatible version found: angular-resource@X.Y.Z
26 silly fetchPackageMetaData Valid install targets:
26 silly fetchPackageMetaData 1.6.2, 1.6.1, 1.6.0, 1.6.0-rc.2, 1.6.0-rc.1, 1.6.0-rc.0, 1.5.11, 1.5.10, 1.5.9, 1.5.8, 1.5.7, 1.5.6, 1.5.5, 1.5.3, 1.5.2, 1.5.1, 1.5.0, 1.5.0-rc.2, 1.5.0-rc.1, 1.5.0-rc.0, 1.5.0-beta.2, 1.5.0-beta.0, 1.4.14, 1.4.13, 1.4.12, 1.4.11, 1.4.10, 1.4.9, 1.4.8, 1.4.7, 1.4.6, 1.4.5, 1.4.4, 1.4.3, 1.4.2, 1.4.1, 1.4.0, 1.4.0-rc.2, 1.4.0-rc.1, 1.4.0-rc.0, 1.4.0-beta.6, 1.4.0-beta.5, 1.4.0-beta.4, 1.4.0-beta.3, 1.4.0-beta.2, 1.4.0-beta.1, 1.4.0-beta.0, 1.3.20, 1.3.19, 1.3.18, 1.3.17, 1.3.16, 1.3.15, 1.3.14, 1.3.13, 1.3.12, 1.3.11, 1.3.10, 1.3.9, 1.3.8, 1.3.7, 1.3.6, 1.3.5, 1.3.4, 1.3.4-build.3587, 1.3.3, 1.3.2, 1.3.1, 1.3.0, 1.3.0-rc.5, 1.2.32, 1.2.31, 1.2.30, 1.2.29, 1.2.28, 1.2.27, 0.1.1, 0.1.0, 0.0.2, 0.0.1
26 silly fetchPackageMetaData
26 silly fetchPackageMetaData     at pickVersionFromRegistryDocument (/usr/local/lib/node_modules/npm/lib/fetch-package-metadata.js:170:16)
26 silly fetchPackageMetaData     at /usr/local/lib/node_modules/npm/node_modules/iferr/index.js:13:50
26 silly fetchPackageMetaData     at /usr/local/lib/node_modules/npm/lib/utils/pulse-till-done.js:19:8
26 silly fetchPackageMetaData     at saved (/usr/local/lib/node_modules/npm/lib/cache/caching-client.js:174:7)
26 silly fetchPackageMetaData     at /usr/local/lib/node_modules/npm/node_modules/graceful-fs/polyfills.js:210:7
26 silly fetchPackageMetaData     at FSReqWrap.oncomplete (fs.js:117:15)
26 silly fetchPackageMetaData  error for angular-resource@X.Y.Z Error: No compatible version found: angular-resource@X.Y.Z
26 silly fetchPackageMetaData Valid install targets:
26 silly fetchPackageMetaData 1.6.2, 1.6.1, 1.6.0, 1.6.0-rc.2, 1.6.0-rc.1, 1.6.0-rc.0, 1.5.11, 1.5.10, 1.5.9, 1.5.8, 1.5.7, 1.5.6, 1.5.5, 1.5.3, 1.5.2, 1.5.1, 1.5.0, 1.5.0-rc.2, 1.5.0-rc.1, 1.5.0-rc.0, 1.5.0-beta.2, 1.5.0-beta.0, 1.4.14, 1.4.13, 1.4.12, 1.4.11, 1.4.10, 1.4.9, 1.4.8, 1.4.7, 1.4.6, 1.4.5, 1.4.4, 1.4.3, 1.4.2, 1.4.1, 1.4.0, 1.4.0-rc.2, 1.4.0-rc.1, 1.4.0-rc.0, 1.4.0-beta.6, 1.4.0-beta.5, 1.4.0-beta.4, 1.4.0-beta.3, 1.4.0-beta.2, 1.4.0-beta.1, 1.4.0-beta.0, 1.3.20, 1.3.19, 1.3.18, 1.3.17, 1.3.16, 1.3.15, 1.3.14, 1.3.13, 1.3.12, 1.3.11, 1.3.10, 1.3.9, 1.3.8, 1.3.7, 1.3.6, 1.3.5, 1.3.4, 1.3.4-build.3587, 1.3.3, 1.3.2, 1.3.1, 1.3.0, 1.3.0-rc.5, 1.2.32, 1.2.31, 1.2.30, 1.2.29, 1.2.28, 1.2.27, 0.1.1, 0.1.0, 0.0.2, 0.0.1
26 silly fetchPackageMetaData
26 silly fetchPackageMetaData     at pickVersionFromRegistryDocument (/usr/local/lib/node_modules/npm/lib/fetch-package-metadata.js:170:16)
26 silly fetchPackageMetaData     at /usr/local/lib/node_modules/npm/node_modules/iferr/index.js:13:50
26 silly fetchPackageMetaData     at /usr/local/lib/node_modules/npm/lib/utils/pulse-till-done.js:19:8
26 silly fetchPackageMetaData     at saved (/usr/local/lib/node_modules/npm/lib/cache/caching-client.js:174:7)
26 silly fetchPackageMetaData     at /usr/local/lib/node_modules/npm/node_modules/graceful-fs/polyfills.js:210:7
26 silly fetchPackageMetaData     at FSReqWrap.oncomplete (fs.js:117:15)
27 silly rollbackFailedOptional Starting
28 silly rollbackFailedOptional Finishing
29 silly runTopLevelLifecycles Starting
30 silly runTopLevelLifecycles Finishing
31 silly install printInstalled
32 verbose stack Error: No compatible version found: angular-resource@X.Y.Z
32 verbose stack Valid install targets:
32 verbose stack 1.6.2, 1.6.1, 1.6.0, 1.6.0-rc.2, 1.6.0-rc.1, 1.6.0-rc.0, 1.5.11, 1.5.10, 1.5.9, 1.5.8, 1.5.7, 1.5.6, 1.5.5, 1.5.3, 1.5.2, 1.5.1, 1.5.0, 1.5.0-rc.2, 1.5.0-rc.1, 1.5.0-rc.0, 1.5.0-beta.2, 1.5.0-beta.0, 1.4.14, 1.4.13, 1.4.12, 1.4.11, 1.4.10, 1.4.9, 1.4.8, 1.4.7, 1.4.6, 1.4.5, 1.4.4, 1.4.3, 1.4.2, 1.4.1, 1.4.0, 1.4.0-rc.2, 1.4.0-rc.1, 1.4.0-rc.0, 1.4.0-beta.6, 1.4.0-beta.5, 1.4.0-beta.4, 1.4.0-beta.3, 1.4.0-beta.2, 1.4.0-beta.1, 1.4.0-beta.0, 1.3.20, 1.3.19, 1.3.18, 1.3.17, 1.3.16, 1.3.15, 1.3.14, 1.3.13, 1.3.12, 1.3.11, 1.3.10, 1.3.9, 1.3.8, 1.3.7, 1.3.6, 1.3.5, 1.3.4, 1.3.4-build.3587, 1.3.3, 1.3.2, 1.3.1, 1.3.0, 1.3.0-rc.5, 1.2.32, 1.2.31, 1.2.30, 1.2.29, 1.2.28, 1.2.27, 0.1.1, 0.1.0, 0.0.2, 0.0.1
32 verbose stack
32 verbose stack     at pickVersionFromRegistryDocument (/usr/local/lib/node_modules/npm/lib/fetch-package-metadata.js:170:16)
32 verbose stack     at /usr/local/lib/node_modules/npm/node_modules/iferr/index.js:13:50
32 verbose stack     at /usr/local/lib/node_modules/npm/lib/utils/pulse-till-done.js:19:8
32 verbose stack     at saved (/usr/local/lib/node_modules/npm/lib/cache/caching-client.js:174:7)
32 verbose stack     at /usr/local/lib/node_modules/npm/node_modules/graceful-fs/polyfills.js:210:7
32 verbose stack     at FSReqWrap.oncomplete (fs.js:117:15)
33 verbose cwd /Users/kimkunwoo/Documents/NBP_Project/kunwoo-kim-aka/shell_script
34 error Darwin 16.4.0
35 error argv "/usr/local/Cellar/node/6.2.2/bin/node" "/usr/local/bin/npm" "install" "--save" "angular-resource@X.Y.Z"
36 error node v6.2.2
37 error npm  v3.9.5
38 error No compatible version found: angular-resource@X.Y.Z
38 error Valid install targets:
38 error 1.6.2, 1.6.1, 1.6.0, 1.6.0-rc.2, 1.6.0-rc.1, 1.6.0-rc.0, 1.5.11, 1.5.10, 1.5.9, 1.5.8, 1.5.7, 1.5.6, 1.5.5, 1.5.3, 1.5.2, 1.5.1, 1.5.0, 1.5.0-rc.2, 1.5.0-rc.1, 1.5.0-rc.0, 1.5.0-beta.2, 1.5.0-beta.0, 1.4.14, 1.4.13, 1.4.12, 1.4.11, 1.4.10, 1.4.9, 1.4.8, 1.4.7, 1.4.6, 1.4.5, 1.4.4, 1.4.3, 1.4.2, 1.4.1, 1.4.0, 1.4.0-rc.2, 1.4.0-rc.1, 1.4.0-rc.0, 1.4.0-beta.6, 1.4.0-beta.5, 1.4.0-beta.4, 1.4.0-beta.3, 1.4.0-beta.2, 1.4.0-beta.1, 1.4.0-beta.0, 1.3.20, 1.3.19, 1.3.18, 1.3.17, 1.3.16, 1.3.15, 1.3.14, 1.3.13, 1.3.12, 1.3.11, 1.3.10, 1.3.9, 1.3.8, 1.3.7, 1.3.6, 1.3.5, 1.3.4, 1.3.4-build.3587, 1.3.3, 1.3.2, 1.3.1, 1.3.0, 1.3.0-rc.5, 1.2.32, 1.2.31, 1.2.30, 1.2.29, 1.2.28, 1.2.27, 0.1.1, 0.1.0, 0.0.2, 0.0.1
39 error If you need help, you may report this error at:
39 error     <https://github.com/npm/npm/issues>
40 verbose exit [ 1, true ]
